#
# A fatal error has been detected by the Java Runtime Environment:
#
#  SIGSEGV (0xb) at pc=0x000000011109f2c5, pid=7442, tid=0x0000000000002b03
#
# JRE version: OpenJDK Runtime Environment (8.0_152-b01) (build 1.8.0_152-release-1343-b01)
# Java VM: OpenJDK 64-Bit Server VM (25.152-b01 mixed mode bsd-amd64 compressed oops)
# Problematic frame:
# V  [libjvm.dylib+0x49f2c5]  oopDesc* PSPromotionManager::copy_to_survivor_space<false>(oopDesc*)+0x59
#
# Failed to write core dump. Core dumps have been disabled. To enable core dumping, try "ulimit -c unlimited" before starting Java again
#
# If you would like to submit a bug report, please visit:
#   http://bugreport.java.com/bugreport/crash.jsp
#

---------------  T H R E A D  ---------------

Current thread (0x00007feeed800800):  GCTaskThread [stack: 0x00007000043e8000,0x00007000044e8000] [id=11011]

siginfo: si_signo: 11 (SIGSEGV), si_code: 1 (SEGV_MAPERR), si_addr: 0x0000000173932b48

Registers:
RAX=0x0000000111427501, RBX=0x00007feeeb853d40, RCX=0x0000000000000003, RDX=0x0000000111416510
RSP=0x00007000044e7bf0, RBP=0x00007000044e7c70, RSI=0x00000007b192d520, RDI=0x0000000173932b40
R8 =0x0000000000000000, R9 =0x0000000111403432, R10=0x00007feeeb417c98, R11=0xffffffffbb7126e8
R12=0x6374617073694465, R13=0x00007feeeb853d40, R14=0x000000077103fbfc, R15=0x0000000111416500
RIP=0x000000011109f2c5, EFLAGS=0x0000000000010202, ERR=0x0000000000000004
  TRAPNO=0x000000000000000e

Top of Stack: (sp=0x00007000044e7bf0)
0x00007000044e7bf0:   00007000044e7c84 00000007ba318000
0x00007000044e7c00:   0000000000001000 000000077103dce8
0x00007000044e7c10:   0000000000000400 00000007b5401f4a
0x00007000044e7c20:   0000000000000115 0000000000000009
0x00007000044e7c30:   00000007b192d520 00007feeeb853d40
0x00007000044e7c40:   0000000000000004 000000077103fbfd
0x00007000044e7c50:   000000011142752b 00007feeeb853d40
0x00007000044e7c60:   000000077103fbfc 0000000111416500
0x00007000044e7c70:   00007000044e7ca0 000000011109ec48
0x00007000044e7c80:   000000077103fbfd 000000011142bdb0
0x00007000044e7c90:   00007feeeb853da0 00007feeeb853dd8
0x00007000044e7ca0:   00007000044e7cf0 000000011109eada
0x00007000044e7cb0:   00000007c001e690 000000077103fbfd
0x00007000044e7cc0:   0000000761aba5f8 0000000761aba600
0x00007000044e7cd0:   0000000111a695d3 0000000111a69601
0x00007000044e7ce0:   0000000761aba630 0000000000000240
0x00007000044e7cf0:   00007000044e7d90 0000000110d4347d
0x00007000044e7d00:   0000000111a69581 0000000111a69400
0x00007000044e7d10:   0000000000000400 0000000111a69600
0x00007000044e7d20:   0000000111adf631 0000000111adf630
0x00007000044e7d30:   00000007706c6038 0000000761ac0008
0x00007000044e7d40:   0000000000000180 00007feeeb853d40
0x00007000044e7d50:   0000000761ab4010 00007feeeb416ce0
0x00007000044e7d60:   00007feeeb416f60 00007feeed0055b0
0x00007000044e7d70:   00007feeed0055b0 00000001111d823a
0x00007000044e7d80:   00007feeeb853d40 0000000000000001
0x00007000044e7d90:   00007000044e7dc0 00000001110a2383
0x00007000044e7da0:   00007fee00000008 00007feeefa83250
0x00007000044e7db0:   00007feeed800800 0000000000000000
0x00007000044e7dc0:   00007000044e7ea0 0000000110e5f488
0x00007000044e7dd0:   00007feeed001300 00007feeed800800
0x00007000044e7de0:   00007feeed0001e0 00007feeed000ae0 

Instructions: (pc=0x000000011109f2c5)
0x000000011109f2a5:   c0 48 89 75 c0 74 15 48 8d 15 5d 72 37 00 8a 4a
0x000000011109f2b5:   08 8b 7e 08 48 d3 e7 48 03 3a eb 04 48 8b 7e 08
0x000000011109f2c5:   44 8b 6f 08 45 85 ed 48 89 5d c8 7e 0c 41 f6 c5
0x000000011109f2d5:   01 75 08 41 c1 ed 03 eb 5d 78 16 48 8b 07 48 8b 

Register to memory mapping:

RAX=0x0000000111427501: _ZN14GenerateOopMap18_total_oopmap_timeE+0x11 in /Applications/Android Studio.app/Contents/jre/jdk/Contents/Home/jre/lib/server/libjvm.dylib at 0x0000000110c00000
RBX=0x00007feeeb853d40 is an unknown value
RCX=0x0000000000000003 is an unknown value
RDX=0x0000000111416510: _ZN8Universe13_narrow_klassE+0 in /Applications/Android Studio.app/Contents/jre/jdk/Contents/Home/jre/lib/server/libjvm.dylib at 0x0000000110c00000
RSP=0x00007000044e7bf0 is an unknown value
RBP=0x00007000044e7c70 is an unknown value
RSI=0x00000007b192d520 is an oop

[error occurred during error reporting (printing register info), id 0xb]

Stack: [0x00007000043e8000,0x00007000044e8000],  sp=0x00007000044e7bf0,  free space=1022k
Native frames: (J=compiled Java code, j=interpreted, Vv=VM code, C=native code)
V  [libjvm.dylib+0x49f2c5]  oopDesc* PSPromotionManager::copy_to_survivor_space<false>(oopDesc*)+0x59
V  [libjvm.dylib+0x49ec48]  PSPromotionManager::process_popped_location_depth(StarTask)+0x106
V  [libjvm.dylib+0x49eada]  PSPromotionManager::drain_stacks_depth(bool)+0x1ec
V  [libjvm.dylib+0x14347d]  CardTableExtension::scavenge_contents_parallel(ObjectStartArray*, MutableSpace*, HeapWord*, PSPromotionManager*, unsigned int, unsigned int)+0x623
V  [libjvm.dylib+0x4a2383]  OldToYoungRootsTask::do_it(GCTaskManager*, unsigned int)+0x4b
V  [libjvm.dylib+0x25f488]  GCTaskThread::run()+0x130
V  [libjvm.dylib+0x45fb8d]  java_start(Thread*)+0xfa
C  [libsystem_pthread.dylib+0x3661]  _pthread_body+0x154
C  [libsystem_pthread.dylib+0x350d]  _pthread_body+0x0
C  [libsystem_pthread.dylib+0x2bf9]  thread_start+0xd


---------------  P R O C E S S  ---------------

Java Threads: ( => current thread )
  0x00007feef2b2b800 JavaThread "ForkJoinPool-106-worker-0" daemon [_thread_blocked, id=83459, stack(0x0000700008cc0000,0x0000700008dc0000)]
  0x00007feeedf38800 JavaThread "ForkJoinPool-106-worker-7" daemon [_thread_blocked, id=86023, stack(0x0000700008bbd000,0x0000700008cbd000)]
  0x00007feeedf36800 JavaThread "ForkJoinPool-106-worker-6" daemon [_thread_blocked, id=45067, stack(0x0000700008aba000,0x0000700008bba000)]
  0x00007feeebccc000 JavaThread "ForkJoinPool-106-worker-5" daemon [_thread_blocked, id=84747, stack(0x00007000089b7000,0x0000700008ab7000)]
  0x00007feeebccb000 JavaThread "ForkJoinPool-106-worker-4" daemon [_thread_blocked, id=28943, stack(0x00007000088b4000,0x00007000089b4000)]
  0x00007feef3997000 JavaThread "ForkJoinPool-106-worker-3" daemon [_thread_blocked, id=29455, stack(0x00007000087b1000,0x00007000088b1000)]
  0x00007feeef4a5000 JavaThread "ForkJoinPool-106-worker-2" daemon [_thread_blocked, id=36623, stack(0x00007000086ae000,0x00007000087ae000)]
  0x00007feeebfd9000 JavaThread "ForkJoinPool.commonPool-worker-0" daemon [_thread_blocked, id=35855, stack(0x00007000084a8000,0x00007000085a8000)]
  0x00007feeeca76800 JavaThread "ForkJoinPool.commonPool-worker-7" daemon [_thread_blocked, id=35343, stack(0x00007000083a5000,0x00007000084a5000)]
  0x00007feeee440000 JavaThread "ForkJoinPool.commonPool-worker-6" daemon [_thread_blocked, id=35599, stack(0x00007000082a2000,0x00007000083a2000)]
  0x00007feeebf3f000 JavaThread "ForkJoinPool.commonPool-worker-3" daemon [_thread_blocked, id=26387, stack(0x0000700007f99000,0x0000700008099000)]
  0x00007feeec4a1000 JavaThread "ForkJoinPool.commonPool-worker-2" daemon [_thread_blocked, id=26131, stack(0x0000700007e96000,0x0000700007f96000)]
  0x00007feef58a6800 JavaThread "Cache worker for Java compile cache (/Users/tinker/Documents/Flutter/my_flutter/xiaoheiqun/android/.gradle/4.10.2/javaCompile)" [_thread_blocked, id=25363, stack(0x0000700007d93000,0x0000700007e93000)]
  0x00007feeee81a800 JavaThread "WorkerExecutor Queue Thread 2" [_thread_blocked, id=25875, stack(0x0000700007c90000,0x0000700007d90000)]
  0x00007feef2477800 JavaThread "WorkerExecutor Queue" [_thread_blocked, id=30219, stack(0x0000700007a8a000,0x0000700007b8a000)]
  0x00007feef5abc800 JavaThread "Exec process Thread 3" [_thread_blocked, id=24595, stack(0x0000700007987000,0x0000700007a87000)]
  0x00007feef5abb800 JavaThread "Exec process Thread 2" [_thread_blocked, id=41747, stack(0x0000700007884000,0x0000700007984000)]
  0x00007feef5abb000 JavaThread "Exec process" [_thread_blocked, id=38163, stack(0x0000700007781000,0x0000700007881000)]
  0x00007feeebfee800 JavaThread "Cache worker for Build Output Cleanup Cache (/Users/tinker/Documents/Flutter/my_flutter/xiaoheiqun/android/.gradle/buildOutputCleanup)" [_thread_blocked, id=42003, stack(0x000070000767e000,0x000070000777e000)]
  0x00007feeebcaa800 JavaThread "Cache worker for task history cache (/Users/tinker/Documents/Flutter/my_flutter/xiaoheiqun/android/.gradle/4.10.2/taskHistory)" [_thread_blocked, id=23827, stack(0x000070000757b000,0x000070000767b000)]
  0x00007feeec72d000 JavaThread "Task worker for ':' Thread 7" [_thread_blocked, id=26643, stack(0x0000700007478000,0x0000700007578000)]
  0x00007feeec594000 JavaThread "Task worker for ':' Thread 6" [_thread_blocked, id=40211, stack(0x0000700007375000,0x0000700007475000)]
  0x00007feef5e1d000 JavaThread "Task worker for ':' Thread 5" [_thread_blocked, id=83723, stack(0x0000700007272000,0x0000700007372000)]
  0x00007feeef173800 JavaThread "Task worker for ':' Thread 4" [_thread_blocked, id=43787, stack(0x000070000716f000,0x000070000726f000)]
  0x00007feeee5e1800 JavaThread "Task worker for ':' Thread 3" [_thread_blocked, id=30987, stack(0x000070000706c000,0x000070000716c000)]
  0x00007feeee540000 JavaThread "Task worker for ':' Thread 2" [_thread_blocked, id=33035, stack(0x0000700006f69000,0x0000700007069000)]
  0x00007feeebfb4800 JavaThread "Task worker for ':'" [_thread_blocked, id=31499, stack(0x0000700006e66000,0x0000700006f66000)]
  0x00007feef2a97000 JavaThread "Cache worker for file content cache (/Users/tinker/Documents/Flutter/my_flutter/xiaoheiqun/android/.gradle/4.10.2/fileContent)" [_thread_blocked, id=34059, stack(0x0000700006d63000,0x0000700006e63000)]
  0x00007feeef972000 JavaThread "Build operations Thread 8" [_thread_blocked, id=37651, stack(0x0000700006957000,0x0000700006a57000)]
  0x00007feeef971800 JavaThread "Build operations Thread 7" [_thread_blocked, id=4119, stack(0x0000700006854000,0x0000700006954000)]
  0x00007feef39d4000 JavaThread "Build operations Thread 6" [_thread_blocked, id=86283, stack(0x0000700006751000,0x0000700006851000)]
  0x00007feef20f9800 JavaThread "Build operations Thread 5" [_thread_blocked, id=44555, stack(0x000070000664e000,0x000070000674e000)]
  0x00007feeef8e3800 JavaThread "Build operations Thread 4" [_thread_blocked, id=44299, stack(0x000070000654b000,0x000070000664b000)]
  0x00007feeedf3c000 JavaThread "Build operations Thread 3" [_thread_blocked, id=42515, stack(0x0000700006448000,0x0000700006548000)]
  0x00007feef2ae6800 JavaThread "Build operations Thread 2" [_thread_blocked, id=43027, stack(0x0000700006345000,0x0000700006445000)]
  0x00007feeef153000 JavaThread "Build operations" [_thread_blocked, id=83979, stack(0x0000700006242000,0x0000700006342000)]
  0x00007feeefdb3000 JavaThread "Cache worker for cache directory md-rule (/Users/tinker/.gradle/caches/4.10.2/md-rule)" [_thread_blocked, id=46603, stack(0x000070000603c000,0x000070000613c000)]
  0x00007feeee1f6000 JavaThread "Cache worker for cache directory md-supplier (/Users/tinker/.gradle/caches/4.10.2/md-supplier)" [_thread_blocked, id=85515, stack(0x0000700005f39000,0x0000700006039000)]
  0x00007feeec4b7000 JavaThread "Cache worker for file hash cache (/Users/tinker/Documents/Flutter/my_flutter/xiaoheiqun/android/.gradle/4.10.2/fileHashes)" [_thread_blocked, id=32523, stack(0x0000700005d33000,0x0000700005e33000)]
  0x00007feef2292000 JavaThread "Stdin handler" [_thread_blocked, id=45323, stack(0x0000700005a2a000,0x0000700005b2a000)]
  0x00007feef2724800 JavaThread "Asynchronous log dispatcher for DefaultDaemonConnection: socket connection from /127.0.0.1:52840 to /127.0.0.1:53300" [_thread_blocked, id=23307, stack(0x0000700005927000,0x0000700005a27000)]
  0x00007feef3860800 JavaThread "Cancel handler" [_thread_blocked, id=43275, stack(0x0000700005721000,0x0000700005821000)]
  0x00007feeefb66000 JavaThread "Handler for socket connection from /127.0.0.1:52840 to /127.0.0.1:53300" [_thread_in_native, id=32779, stack(0x000070000561e000,0x000070000571e000)]
  0x00007feef2ae5800 JavaThread "process reaper" daemon [_thread_blocked, id=33543, stack(0x0000700003ed6000,0x0000700003efe000)]
  0x00007feeeb8fb000 JavaThread "Daemon worker Thread 2" [_thread_blocked, id=86791, stack(0x0000700005824000,0x0000700005924000)]
  0x00007feeedae5800 JavaThread "Daemon Thread 2" [_thread_blocked, id=84999, stack(0x000070000551b000,0x000070000561b000)]
  0x00007feef212c000 JavaThread "Cache worker for Java compile cache (/Users/tinker/.gradle/caches/4.10.2/javaCompile)" [_thread_blocked, id=31751, stack(0x0000700007b8d000,0x0000700007c8d000)]
  0x00007feeedbd4000 JavaThread "Cache worker for file content cache (/Users/tinker/.gradle/caches/4.10.2/fileContent)" [_thread_blocked, id=28427, stack(0x0000700006c60000,0x0000700006d60000)]
  0x00007feeeca1a800 JavaThread "Memory manager" [_thread_blocked, id=36867, stack(0x0000700006b5d000,0x0000700006c5d000)]
  0x00007feef23c4000 JavaThread "pool-1-thread-1" [_thread_blocked, id=37123, stack(0x0000700006a5a000,0x0000700006b5a000)]
  0x00007feef285e000 JavaThread "Cache worker for Artifact transforms cache (/Users/tinker/.gradle/caches/transforms-1)" [_thread_blocked, id=24835, stack(0x000070000613f000,0x000070000623f000)]
  0x00007feeebcfd000 JavaThread "Cache worker for journal cache (/Users/tinker/.gradle/caches/journal-1)" [_thread_blocked, id=24067, stack(0x0000700005e36000,0x0000700005f36000)]
  0x00007feef0062800 JavaThread "File lock request listener" [_thread_in_native, id=40707, stack(0x0000700005c30000,0x0000700005d30000)]
  0x00007feeecf31800 JavaThread "Cache worker for file hash cache (/Users/tinker/.gradle/caches/4.10.2/fileHashes)" [_thread_blocked, id=41219, stack(0x0000700005b2d000,0x0000700005c2d000)]
  0x00007feeedade800 JavaThread "Daemon periodic checks" [_thread_blocked, id=22275, stack(0x0000700005418000,0x0000700005518000)]
  0x00007feeecdaf000 JavaThread "Incoming local TCP Connector on port 52840" [_thread_in_native, id=21763, stack(0x0000700005315000,0x0000700005415000)]
  0x00007feeec02c800 JavaThread "Service Thread" daemon [_thread_blocked, id=16131, stack(0x000070000510f000,0x000070000520f000)]
  0x00007feeee800000 JavaThread "C1 CompilerThread3" daemon [_thread_blocked, id=15107, stack(0x000070000500c000,0x000070000510c000)]
  0x00007feeeb83d000 JavaThread "C2 CompilerThread2" daemon [_thread_blocked, id=16899, stack(0x0000700004f09000,0x0000700005009000)]
  0x00007feeed824000 JavaThread "C2 CompilerThread1" daemon [_thread_blocked, id=17411, stack(0x0000700004e06000,0x0000700004f06000)]
  0x00007feeec001800 JavaThread "C2 CompilerThread0" daemon [_thread_blocked, id=17667, stack(0x0000700004d03000,0x0000700004e03000)]
  0x00007feeed81f800 JavaThread "Signal Dispatcher" daemon [_thread_blocked, id=18183, stack(0x0000700004c00000,0x0000700004d00000)]
  0x00007feeec807800 JavaThread "Finalizer" daemon [_thread_blocked, id=19203, stack(0x0000700004afd000,0x0000700004bfd000)]
  0x00007feeec805000 JavaThread "Reference Handler" daemon [_thread_blocked, id=19715, stack(0x00007000049fa000,0x0000700004afa000)]
  0x00007feeeb808800 JavaThread "main" [_thread_blocked, id=6659, stack(0x0000700003fdc000,0x00007000040dc000)]

Other Threads:
  0x00007feeeb854800 VMThread [stack: 0x00007000048f7000,0x00007000049f7000] [id=12291]
  0x00007feeeb86c000 WatcherThread [stack: 0x0000700005212000,0x0000700005312000] [id=15619]

=>0x00007feeed800800 (exited) GCTaskThread [stack: 0x00007000043e8000,0x00007000044e8000] [id=11011]

VM state:at safepoint (normal execution)

VM Mutex/Monitor currently owned by a thread:  ([mutex/lock_event])
[0x00007feeeb410bd0] Threads_lock - owner thread: 0x00007feeeb854800
[0x00007feeeb4110d0] Heap_lock - owner thread: 0x00007feeec72d000

Heap:
 PSYoungGen      total 429056K, used 429026K [0x00000007a0000000, 0x00000007c0000000, 0x00000007c0000000)
  eden space 345600K, 100% used [0x00000007a0000000,0x00000007b5180000,0x00000007b5180000)
  from space 83456K, 99% used [0x00000007b5180000,0x00000007ba2f8968,0x00000007ba300000)
  to   space 95232K, 1% used [0x00000007ba300000,0x00000007ba4405a0,0x00000007c0000000)
 ParOldGen       total 536064K, used 312704K [0x0000000760000000, 0x0000000780b80000, 0x00000007a0000000)
  object space 536064K, 58% used [0x0000000760000000,0x00000007731c8388,0x0000000780b80000)
 Metaspace       used 97926K, capacity 103946K, committed 104104K, reserved 1138688K
  class space    used 12609K, capacity 13949K, committed 14000K, reserved 1048576K

Card table byte_map: [0x0000000111a5c000,0x0000000111d5d000] byte_map_base: 0x000000010df5c000

Marking Bits: (ParMarkBitMap*) 0x000000011142c8f8
 Begin Bits: [0x0000000111f5d000, 0x000000011375d000)
 End Bits:   [0x000000011375d000, 0x0000000114f5d000)

Polling page: 0x000000010fa53000

CodeCache: size=245760Kb used=58510Kb max_used=58522Kb free=187250Kb
 bounds [0x000000011cbc4000, 0x0000000120544000, 0x000000012bbc4000]
 total_blobs=19276 nmethods=18369 adapters=819
 compilation: enabled

Compilation events (10 events):
Event: 617.352 Thread 0x00007feeec001800 nmethod 22517 0x000000012053b7d0 code [0x000000012053b9c0, 0x000000012053c348]
Event: 617.353 Thread 0x00007feeed824000 nmethod 22518 0x000000012053ca50 code [0x000000012053cc00, 0x000000012053d658]
Event: 617.434 Thread 0x00007feeeb83d000 22520       4       com.android.apksig.internal.jar.ManifestParser$Section::getAttributeValue (50 bytes)
Event: 617.439 Thread 0x00007feeeb83d000 nmethod 22520 0x0000000120504c50 code [0x0000000120504de0, 0x0000000120505068]
Event: 617.463 Thread 0x00007feeec001800 22521       4       com.android.apksig.internal.apk.v1.V1SchemeVerifier::getJarDigestAttributeName (48 bytes)
Event: 617.463 Thread 0x00007feeed824000 22522       4       java.lang.String::toUpperCase (439 bytes)
Event: 617.467 Thread 0x00007feeec001800 nmethod 22521 0x0000000120533290 code [0x0000000120533420, 0x00000001205338c8]
Event: 617.473 Thread 0x00007feeed824000 nmethod 22522 0x000000012053dd50 code [0x000000012053df20, 0x000000012053e718]
Event: 617.755 Thread 0x00007feeeb83d000 22523       4       java.nio.Buffer::limit (62 bytes)
Event: 617.756 Thread 0x00007feeeb83d000 nmethod 22523 0x0000000120532f90 code [0x00000001205330e0, 0x00000001205331b8]

GC Heap History (10 events):
Event: 68.851 GC heap after
Heap after GC invocations=19 (full 4):
 PSYoungGen      total 389120K, used 0K [0x00000007a0000000, 0x00000007c0000000, 0x00000007c0000000)
  eden space 318464K, 0% used [0x00000007a0000000,0x00000007a0000000,0x00000007b3700000)
  from space 70656K, 0% used [0x00000007b3700000,0x00000007b3700000,0x00000007b7c00000)
  to   space 81920K, 0% used [0x00000007bb000000,0x00000007bb000000,0x00000007c0000000)
 ParOldGen       total 536064K, used 199106K [0x0000000760000000, 0x0000000780b80000, 0x00000007a0000000)
  object space 536064K, 37% used [0x0000000760000000,0x000000076c270bc0,0x0000000780b80000)
 Metaspace       used 91695K, capacity 96600K, committed 97064K, reserved 1132544K
  class space    used 12072K, capacity 13203K, committed 13360K, reserved 1048576K
}
Event: 70.426 GC heap before
{Heap before GC invocations=20 (full 4):
 PSYoungGen      total 389120K, used 298499K [0x00000007a0000000, 0x00000007c0000000, 0x00000007c0000000)
  eden space 318464K, 93% used [0x00000007a0000000,0x00000007b2380d80,0x00000007b3700000)
  from space 70656K, 0% used [0x00000007b3700000,0x00000007b3700000,0x00000007b7c00000)
  to   space 81920K, 0% used [0x00000007bb000000,0x00000007bb000000,0x00000007c0000000)
 ParOldGen       total 536064K, used 199106K [0x0000000760000000, 0x0000000780b80000, 0x00000007a0000000)
  object space 536064K, 37% used [0x0000000760000000,0x000000076c270bc0,0x0000000780b80000)
 Metaspace       used 91710K, capacity 96620K, committed 97064K, reserved 1132544K
  class space    used 12078K, capacity 13207K, committed 13360K, reserved 1048576K
Event: 70.479 GC heap after
Heap after GC invocations=20 (full 4):
 PSYoungGen      total 422912K, used 73640K [0x00000007a0000000, 0x00000007c0000000, 0x00000007c0000000)
  eden space 340992K, 0% used [0x00000007a0000000,0x00000007a0000000,0x00000007b4d00000)
  from space 81920K, 89% used [0x00000007bb000000,0x00000007bf7ea300,0x00000007c0000000)
  to   space 91648K, 0% used [0x00000007b4d00000,0x00000007b4d00000,0x00000007ba680000)
 ParOldGen       total 536064K, used 199114K [0x0000000760000000, 0x0000000780b80000, 0x00000007a0000000)
  object space 536064K, 37% used [0x0000000760000000,0x000000076c272bc0,0x0000000780b80000)
 Metaspace       used 91710K, capacity 96620K, committed 97064K, reserved 1132544K
  class space    used 12078K, capacity 13207K, committed 13360K, reserved 1048576K
}
Event: 529.861 GC heap before
{Heap before GC invocations=21 (full 4):
 PSYoungGen      total 422912K, used 414632K [0x00000007a0000000, 0x00000007c0000000, 0x00000007c0000000)
  eden space 340992K, 100% used [0x00000007a0000000,0x00000007b4d00000,0x00000007b4d00000)
  from space 81920K, 89% used [0x00000007bb000000,0x00000007bf7ea300,0x00000007c0000000)
  to   space 91648K, 0% used [0x00000007b4d00000,0x00000007b4d00000,0x00000007ba680000)
 ParOldGen       total 536064K, used 199114K [0x0000000760000000, 0x0000000780b80000, 0x00000007a0000000)
  object space 536064K, 37% used [0x0000000760000000,0x000000076c272bc0,0x0000000780b80000)
 Metaspace       used 93295K, capacity 98640K, committed 98728K, reserved 1134592K
  class space    used 12230K, capacity 13460K, committed 13488K, reserved 1048576K
Event: 529.961 GC heap after
Heap after GC invocations=21 (full 4):
 PSYoungGen      total 432640K, used 33183K [0x00000007a0000000, 0x00000007c0000000, 0x00000007c0000000)
  eden space 340992K, 0% used [0x00000007a0000000,0x00000007a0000000,0x00000007b4d00000)
  from space 91648K, 36% used [0x00000007b4d00000,0x00000007b6d67f68,0x00000007ba680000)
  to   space 87040K, 0% used [0x00000007bab00000,0x00000007bab00000,0x00000007c0000000)
 ParOldGen       total 536064K, used 240170K [0x0000000760000000, 0x0000000780b80000, 0x00000007a0000000)
  object space 536064K, 44% used [0x0000000760000000,0x000000076ea8abd0,0x0000000780b80000)
 Metaspace       used 93295K, capacity 98640K, committed 98728K, reserved 1134592K
  class space    used 12230K, capacity 13460K, committed 13488K, reserved 1048576K
}
Event: 605.155 GC heap before
{Heap before GC invocations=22 (full 4):
 PSYoungGen      total 432640K, used 374175K [0x00000007a0000000, 0x00000007c0000000, 0x00000007c0000000)
  eden space 340992K, 100% used [0x00000007a0000000,0x00000007b4d00000,0x00000007b4d00000)
  from space 91648K, 36% used [0x00000007b4d00000,0x00000007b6d67f68,0x00000007ba680000)
  to   space 87040K, 0% used [0x00000007bab00000,0x00000007bab00000,0x00000007c0000000)
 ParOldGen       total 536064K, used 240170K [0x0000000760000000, 0x0000000780b80000, 0x00000007a0000000)
  object space 536064K, 44% used [0x0000000760000000,0x000000076ea8abd0,0x0000000780b80000)
 Metaspace       used 95404K, capacity 101118K, committed 101288K, reserved 1136640K
  class space    used 12409K, capacity 13709K, committed 13744K, reserved 1048576K
Event: 605.237 GC heap after
Heap after GC invocations=22 (full 4):
 PSYoungGen      total 420864K, used 39800K [0x00000007a0000000, 0x00000007bf480000, 0x00000007c0000000)
  eden space 345600K, 0% used [0x00000007a0000000,0x00000007a0000000,0x00000007b5180000)
  from space 75264K, 52% used [0x00000007bab00000,0x00000007bd1de018,0x00000007bf480000)
  to   space 83456K, 0% used [0x00000007b5180000,0x00000007b5180000,0x00000007ba300000)
 ParOldGen       total 536064K, used 243413K [0x0000000760000000, 0x0000000780b80000, 0x00000007a0000000)
  object space 536064K, 45% used [0x0000000760000000,0x000000076edb55d0,0x0000000780b80000)
 Metaspace       used 95404K, capacity 101118K, committed 101288K, reserved 1136640K
  class space    used 12409K, capacity 13709K, committed 13744K, reserved 1048576K
}
Event: 612.262 GC heap before
{Heap before GC invocations=23 (full 4):
 PSYoungGen      total 420864K, used 385400K [0x00000007a0000000, 0x00000007bf480000, 0x00000007c0000000)
  eden space 345600K, 100% used [0x00000007a0000000,0x00000007b5180000,0x00000007b5180000)
  from space 75264K, 52% used [0x00000007bab00000,0x00000007bd1de018,0x00000007bf480000)
  to   space 83456K, 0% used [0x00000007b5180000,0x00000007b5180000,0x00000007ba300000)
 ParOldGen       total 536064K, used 243413K [0x0000000760000000, 0x0000000780b80000, 0x00000007a0000000)
  object space 536064K, 45% used [0x0000000760000000,0x000000076edb55d0,0x0000000780b80000)
 Metaspace       used 97396K, capacity 103296K, committed 103464K, reserved 1138688K
  class space    used 12544K, capacity 13860K, committed 13872K, reserved 1048576K
Event: 612.406 GC heap after
Heap after GC invocations=23 (full 4):
 PSYoungGen      total 429056K, used 83426K [0x00000007a0000000, 0x00000007c0000000, 0x00000007c0000000)
  eden space 345600K, 0% used [0x00000007a0000000,0x00000007a0000000,0x00000007b5180000)
  from space 83456K, 99% used [0x00000007b5180000,0x00000007ba2f8968,0x00000007ba300000)
  to   space 95232K, 0% used [0x00000007ba300000,0x00000007ba300000,0x00000007c0000000)
 ParOldGen       total 536064K, used 269080K [0x0000000760000000, 0x0000000780b80000, 0x00000007a0000000)
  object space 536064K, 50% used [0x0000000760000000,0x00000007706c6038,0x0000000780b80000)
 Metaspace       used 97396K, capacity 103296K, committed 103464K, reserved 1138688K
  class space    used 12544K, capacity 13860K, committed 13872K, reserved 1048576K
}
Event: 617.813 GC heap before
{Heap before GC invocations=24 (full 4):
 PSYoungGen      total 429056K, used 429026K [0x00000007a0000000, 0x00000007c0000000, 0x00000007c0000000)
  eden space 345600K, 100% used [0x00000007a0000000,0x00000007b5180000,0x00000007b5180000)
  from space 83456K, 99% used [0x00000007b5180000,0x00000007ba2f8968,0x00000007ba300000)
  to   space 95232K, 0% used [0x00000007ba300000,0x00000007ba300000,0x00000007c0000000)
 ParOldGen       total 536064K, used 269080K [0x0000000760000000, 0x0000000780b80000, 0x00000007a0000000)
  object space 536064K, 50% used [0x0000000760000000,0x00000007706c6038,0x0000000780b80000)
 Metaspace       used 97926K, capacity 103946K, committed 104104K, reserved 1138688K
  class space    used 12609K, capacity 13949K, committed 14000K, reserved 1048576K

Deoptimization events (10 events):
Event: 616.310 Thread 0x00007feeec72d000 Uncommon trap: reason=unstable_if action=reinterpret pc=0x000000011fc79d1c method=java.io.ObjectOutputStream$BlockDataOutputStream.writeByte(I)V @ 7
Event: 616.310 Thread 0x00007feeec72d000 Uncommon trap: reason=unstable_if action=reinterpret pc=0x000000011d761aa8 method=java.io.ObjectOutputStream$BlockDataOutputStream.writeInt(I)V @ 9
Event: 616.324 Thread 0x00007feeec72d000 Uncommon trap: reason=speculate_class_check action=maybe_recompile pc=0x000000011e9fc608 method=java.nio.charset.CharsetDecoder.reset()Ljava/nio/charset/CharsetDecoder; @ 1
Event: 616.405 Thread 0x00007feeec72d000 Uncommon trap: reason=speculate_class_check action=maybe_recompile pc=0x000000011e9fc608 method=java.nio.charset.CharsetDecoder.reset()Ljava/nio/charset/CharsetDecoder; @ 1
Event: 616.406 Thread 0x00007feeec72d000 Uncommon trap: reason=speculate_class_check action=maybe_recompile pc=0x000000011e9fc608 method=java.nio.charset.CharsetDecoder.reset()Ljava/nio/charset/CharsetDecoder; @ 1
Event: 616.412 Thread 0x00007feeec72d000 Uncommon trap: reason=speculate_class_check action=maybe_recompile pc=0x000000011e9fc608 method=java.nio.charset.CharsetDecoder.reset()Ljava/nio/charset/CharsetDecoder; @ 1
Event: 616.437 Thread 0x00007feeec72d000 Uncommon trap: reason=speculate_class_check action=maybe_recompile pc=0x00000001204ff880 method=java.nio.charset.CharsetDecoder.reset()Ljava/nio/charset/CharsetDecoder; @ 1
Event: 616.440 Thread 0x00007feeec72d000 Uncommon trap: reason=speculate_class_check action=maybe_recompile pc=0x00000001204ff880 method=java.nio.charset.CharsetDecoder.reset()Ljava/nio/charset/CharsetDecoder; @ 1
Event: 617.336 Thread 0x00007feeec72d000 Uncommon trap: reason=unstable_if action=reinterpret pc=0x000000011e3c7ad0 method=java.lang.StringCoding$StringDecoder.decode([BII)[C @ 33
Event: 617.336 Thread 0x00007feeec72d000 Uncommon trap: reason=bimorphic action=maybe_recompile pc=0x000000011f2665c8 method=java.nio.charset.CharsetDecoder.reset()Ljava/nio/charset/CharsetDecoder; @ 1

Classes redefined (0 events):
No events

Internal exceptions (10 events):
Event: 603.403 Thread 0x00007feef2477800 Exception <a 'sun/nio/fs/UnixException'> (0x00000007b3b1d5e8) thrown at [/Volumes/android/AOSP-openjdk-git/jdk8u/hotspot/src/share/vm/prims/jni.cpp, line 709]
Event: 603.403 Thread 0x00007feef2477800 Exception <a 'sun/nio/fs/UnixException'> (0x00000007b3b1ddd8) thrown at [/Volumes/android/AOSP-openjdk-git/jdk8u/hotspot/src/share/vm/prims/jni.cpp, line 709]
Event: 607.709 Thread 0x00007feeec72d000 Exception <a 'sun/nio/fs/UnixException'> (0x00000007a58d0bd8) thrown at [/Volumes/android/AOSP-openjdk-git/jdk8u/hotspot/src/share/vm/prims/jni.cpp, line 709]
Event: 607.710 Thread 0x00007feeec72d000 Exception <a 'sun/nio/fs/UnixException'> (0x00000007a58d1e80) thrown at [/Volumes/android/AOSP-openjdk-git/jdk8u/hotspot/src/share/vm/prims/jni.cpp, line 709]
Event: 607.710 Thread 0x00007feeec72d000 Exception <a 'sun/nio/fs/UnixException'> (0x00000007a58d3128) thrown at [/Volumes/android/AOSP-openjdk-git/jdk8u/hotspot/src/share/vm/prims/jni.cpp, line 709]
Event: 607.710 Thread 0x00007feeec72d000 Exception <a 'sun/nio/fs/UnixException'> (0x00000007a58d43d0) thrown at [/Volumes/android/AOSP-openjdk-git/jdk8u/hotspot/src/share/vm/prims/jni.cpp, line 709]
Event: 607.710 Thread 0x00007feeec72d000 Exception <a 'sun/nio/fs/UnixException'> (0x00000007a58d55b0) thrown at [/Volumes/android/AOSP-openjdk-git/jdk8u/hotspot/src/share/vm/prims/jni.cpp, line 709]
Event: 607.741 Thread 0x00007feeec72d000 Exception <a 'sun/nio/fs/UnixException'> (0x00000007a5b4ed38) thrown at [/Volumes/android/AOSP-openjdk-git/jdk8u/hotspot/src/share/vm/prims/jni.cpp, line 709]
Event: 612.871 Thread 0x00007feeedf38800 Exception <a 'sun/nio/fs/UnixException'> (0x00000007a24d4ae0) thrown at [/Volumes/android/AOSP-openjdk-git/jdk8u/hotspot/src/share/vm/prims/jni.cpp, line 709]
Event: 613.107 Thread 0x00007feeec72d000 Exception <a 'java/lang/NoSuchMethodError': java.lang.Object.lambda$asRunnable$0(Lcom/android/tools/build/apkzlib/utils/IOExceptionRunnable;)V> (0x00000007a2eb3be8) thrown at [/Volumes/android/AOSP-openjdk-git/jdk8u/hotspot/src/share/vm/interpreter/linkRe

Events (10 events):
Event: 616.440 Thread 0x00007feeec72d000 Uncommon trap: trap_request=0xffffff76 fr.pc=0x00000001204ff880
Event: 616.440 Thread 0x00007feeec72d000 DEOPT PACKING pc=0x00000001204ff880 sp=0x0000700007574ec0
Event: 616.440 Thread 0x00007feeec72d000 DEOPT UNPACKING pc=0x000000011cc0947a sp=0x0000700007574e18 mode 2
Event: 617.336 Thread 0x00007feeec72d000 Uncommon trap: trap_request=0xffffff65 fr.pc=0x000000011e3c7ad0
Event: 617.336 Thread 0x00007feeec72d000 DEOPT PACKING pc=0x000000011e3c7ad0 sp=0x00007000075744d0
Event: 617.336 Thread 0x00007feeec72d000 DEOPT UNPACKING pc=0x000000011cc0947a sp=0x00007000075743e8 mode 2
Event: 617.336 Thread 0x00007feeec72d000 Uncommon trap: trap_request=0xffffffc6 fr.pc=0x000000011f2665c8
Event: 617.336 Thread 0x00007feeec72d000 DEOPT PACKING pc=0x000000011f2665c8 sp=0x00007000075743c0
Event: 617.336 Thread 0x00007feeec72d000 DEOPT UNPACKING pc=0x000000011cc0947a sp=0x0000700007574388 mode 2
Event: 617.813 Executing VM operation: ParallelGCFailedAllocation


Dynamic libraries:
0x000000000fa55000 	/System/Library/Frameworks/Cocoa.framework/Versions/A/Cocoa
0x000000000fa55000 	/System/Library/Frameworks/Security.framework/Versions/A/Security
0x000000000fa55000 	/System/Library/Frameworks/ApplicationServices.framework/Versions/A/ApplicationServices
0x000000000fa55000 	/usr/lib/libz.1.dylib
0x000000000fa55000 	/usr/lib/libSystem.B.dylib
0x000000000fa55000 	/System/Library/Frameworks/CoreFoundation.framework/Versions/A/CoreFoundation
0x000000000fa55000 	/System/Library/Frameworks/Foundation.framework/Versions/C/Foundation
0x000000000fa55000 	/usr/lib/libobjc.A.dylib
0x000000000fa55000 	/System/Library/Frameworks/AppKit.framework/Versions/C/AppKit
0x000000000fa55000 	/System/Library/Frameworks/CoreData.framework/Versions/A/CoreData
0x000000000fa55000 	/System/Library/PrivateFrameworks/RemoteViewServices.framework/Versions/A/RemoteViewServices
0x000000000fa55000 	/System/Library/PrivateFrameworks/UIFoundation.framework/Versions/A/UIFoundation
0x000000000fa55000 	/System/Library/PrivateFrameworks/DFRFoundation.framework/Versions/A/DFRFoundation
0x000000000fa55000 	/System/Library/Frameworks/Metal.framework/Versions/A/Metal
0x000000000fa55000 	/System/Library/PrivateFrameworks/DesktopServicesPriv.framework/Versions/A/DesktopServicesPriv
0x000000000fa55000 	/usr/lib/libenergytrace.dylib
0x000000000fa55000 	/System/Library/PrivateFrameworks/SkyLight.framework/Versions/A/SkyLight
0x000000000fa55000 	/System/Library/Frameworks/CoreGraphics.framework/Versions/A/CoreGraphics
0x000000000fa55000 	/usr/lib/libScreenReader.dylib
0x000000000fa55000 	/System/Library/Frameworks/Accelerate.framework/Versions/A/Accelerate
0x000000000fa55000 	/System/Library/Frameworks/IOSurface.framework/Versions/A/IOSurface
0x000000000fa55000 	/System/Library/Frameworks/AudioToolbox.framework/Versions/A/AudioToolbox
0x000000000fa55000 	/System/Library/Frameworks/AudioUnit.framework/Versions/A/AudioUnit
0x000000000fa55000 	/System/Library/PrivateFrameworks/DataDetectorsCore.framework/Versions/A/DataDetectorsCore
0x000000000fa55000 	/System/Library/Frameworks/Carbon.framework/Versions/A/Frameworks/HIToolbox.framework/Versions/A/HIToolbox
0x000000000fa55000 	/usr/lib/libicucore.A.dylib
0x000000000fa55000 	/System/Library/Frameworks/QuartzCore.framework/Versions/A/QuartzCore
0x000000000fa55000 	/System/Library/PrivateFrameworks/SignpostNotification.framework/Versions/A/SignpostNotification
0x000000000fa55000 	/System/Library/Frameworks/Carbon.framework/Versions/A/Frameworks/SpeechRecognition.framework/Versions/A/SpeechRecognition
0x000000000fa55000 	/usr/lib/libauto.dylib
0x000000000fa55000 	/usr/lib/libxml2.2.dylib
0x000000000fa55000 	/System/Library/PrivateFrameworks/CoreUI.framework/Versions/A/CoreUI
0x000000000fa55000 	/System/Library/Frameworks/CoreAudio.framework/Versions/A/CoreAudio
0x000000000fa55000 	/System/Library/Frameworks/DiskArbitration.framework/Versions/A/DiskArbitration
0x000000000fa55000 	/usr/lib/liblangid.dylib
0x000000000fa55000 	/System/Library/PrivateFrameworks/MultitouchSupport.framework/Versions/A/MultitouchSupport
0x000000000fa55000 	/System/Library/Frameworks/IOKit.framework/Versions/A/IOKit
0x000000000fa55000 	/usr/lib/libDiagnosticMessagesClient.dylib
0x000000000fa55000 	/System/Library/Frameworks/CoreServices.framework/Versions/A/CoreServices
0x000000000fa55000 	/System/Library/PrivateFrameworks/PerformanceAnalysis.framework/Versions/A/PerformanceAnalysis
0x000000000fa55000 	/System/Library/Frameworks/OpenGL.framework/Versions/A/OpenGL
0x000000000fa55000 	/System/Library/Frameworks/ColorSync.framework/Versions/A/ColorSync
0x000000000fa55000 	/System/Library/Frameworks/CoreImage.framework/Versions/A/CoreImage
0x000000000fa55000 	/System/Library/Frameworks/CoreText.framework/Versions/A/CoreText
0x000000000fa55000 	/System/Library/Frameworks/ImageIO.framework/Versions/A/ImageIO
0x000000000fa55000 	/System/Library/PrivateFrameworks/Backup.framework/Versions/A/Backup
0x000000000fa55000 	/usr/lib/libarchive.2.dylib
0x000000000fa55000 	/System/Library/Frameworks/CFNetwork.framework/Versions/A/CFNetwork
0x000000000fa55000 	/System/Library/Frameworks/SystemConfiguration.framework/Versions/A/SystemConfiguration
0x000000000fa55000 	/usr/lib/libCRFSuite.dylib
0x000000000fa55000 	/usr/lib/libc++.1.dylib
0x000000000fa55000 	/usr/lib/libc++abi.dylib
0x000000000fa55000 	/usr/lib/system/libcache.dylib
0x000000000fa55000 	/usr/lib/system/libcommonCrypto.dylib
0x000000000fa55000 	/usr/lib/system/libcompiler_rt.dylib
0x000000000fa55000 	/usr/lib/system/libcopyfile.dylib
0x000000000fa55000 	/usr/lib/system/libcorecrypto.dylib
0x000000000fa55000 	/usr/lib/system/libdispatch.dylib
0x000000000fa55000 	/usr/lib/system/libdyld.dylib
0x000000000fa55000 	/usr/lib/system/libkeymgr.dylib
0x000000000fa55000 	/usr/lib/system/liblaunch.dylib
0x000000000fa55000 	/usr/lib/system/libmacho.dylib
0x000000000fa55000 	/usr/lib/system/libquarantine.dylib
0x000000000fa55000 	/usr/lib/system/libremovefile.dylib
0x000000000fa55000 	/usr/lib/system/libsystem_asl.dylib
0x000000000fa55000 	/usr/lib/system/libsystem_blocks.dylib
0x000000000fa55000 	/usr/lib/system/libsystem_c.dylib
0x000000000fa55000 	/usr/lib/system/libsystem_configuration.dylib
0x000000000fa55000 	/usr/lib/system/libsystem_coreservices.dylib
0x000000000fa55000 	/usr/lib/system/libsystem_darwin.dylib
0x000000000fa55000 	/usr/lib/system/libsystem_dnssd.dylib
0x000000000fa55000 	/usr/lib/system/libsystem_info.dylib
0x000000000fa55000 	/usr/lib/system/libsystem_m.dylib
0x000000000fa55000 	/usr/lib/system/libsystem_malloc.dylib
0x000000000fa55000 	/usr/lib/system/libsystem_network.dylib
0x000000000fa55000 	/usr/lib/system/libsystem_networkextension.dylib
0x000000000fa55000 	/usr/lib/system/libsystem_notify.dylib
0x000000000fa55000 	/usr/lib/system/libsystem_sandbox.dylib
0x000000000fa55000 	/usr/lib/system/libsystem_secinit.dylib
0x000000000fa55000 	/usr/lib/system/libsystem_kernel.dylib
0x000000000fa55000 	/usr/lib/system/libsystem_platform.dylib
0x000000000fa55000 	/usr/lib/system/libsystem_pthread.dylib
0x000000000fa55000 	/usr/lib/system/libsystem_symptoms.dylib
0x000000000fa55000 	/usr/lib/system/libsystem_trace.dylib
0x000000000fa55000 	/usr/lib/system/libunwind.dylib
0x000000000fa55000 	/usr/lib/system/libxpc.dylib
0x000000000fa55000 	/usr/lib/closure/libclosured.dylib
0x000000000fa55000 	/usr/lib/libbsm.0.dylib
0x000000000fa55000 	/usr/lib/system/libkxld.dylib
0x000000000fa55000 	/usr/lib/libOpenScriptingUtil.dylib
0x000000000fa55000 	/usr/lib/libcoretls.dylib
0x000000000fa55000 	/usr/lib/libcoretls_cfhelpers.dylib
0x000000000fa55000 	/usr/lib/libpam.2.dylib
0x000000000fa55000 	/usr/lib/libsqlite3.dylib
0x000000000fa55000 	/usr/lib/libxar.1.dylib
0x000000000fa55000 	/usr/lib/libbz2.1.0.dylib
0x000000000fa55000 	/usr/lib/liblzma.5.dylib
0x000000000fa55000 	/usr/lib/libnetwork.dylib
0x000000000fa55000 	/usr/lib/libapple_nghttp2.dylib
0x000000000fa55000 	/usr/lib/libpcap.A.dylib
0x000000000fa55000 	/usr/lib/libboringssl.dylib
0x000000000fa55000 	/usr/lib/libusrtcp.dylib
0x000000000fa55000 	/usr/lib/libapple_crypto.dylib
0x000000000fa55000 	/System/Library/Frameworks/CoreServices.framework/Versions/A/Frameworks/FSEvents.framework/Versions/A/FSEvents
0x000000000fa55000 	/System/Library/Frameworks/CoreServices.framework/Versions/A/Frameworks/CarbonCore.framework/Versions/A/CarbonCore
0x000000000fa55000 	/System/Library/Frameworks/CoreServices.framework/Versions/A/Frameworks/Metadata.framework/Versions/A/Metadata
0x000000000fa55000 	/System/Library/Frameworks/CoreServices.framework/Versions/A/Frameworks/OSServices.framework/Versions/A/OSServices
0x000000000fa55000 	/System/Library/Frameworks/CoreServices.framework/Versions/A/Frameworks/SearchKit.framework/Versions/A/SearchKit
0x000000000fa55000 	/System/Library/Frameworks/CoreServices.framework/Versions/A/Frameworks/AE.framework/Versions/A/AE
0x000000000fa55000 	/System/Library/Frameworks/CoreServices.framework/Versions/A/Frameworks/LaunchServices.framework/Versions/A/LaunchServices
0x000000000fa55000 	/System/Library/Frameworks/CoreServices.framework/Versions/A/Frameworks/DictionaryServices.framework/Versions/A/DictionaryServices
0x000000000fa55000 	/System/Library/Frameworks/CoreServices.framework/Versions/A/Frameworks/SharedFileList.framework/Versions/A/SharedFileList
0x000000000fa55000 	/System/Library/Frameworks/NetFS.framework/Versions/A/NetFS
0x000000000fa55000 	/System/Library/PrivateFrameworks/NetAuth.framework/Versions/A/NetAuth
0x000000000fa55000 	/System/Library/PrivateFrameworks/login.framework/Versions/A/Frameworks/loginsupport.framework/Versions/A/loginsupport
0x000000000fa55000 	/System/Library/PrivateFrameworks/TCC.framework/Versions/A/TCC
0x000000000fa55000 	/usr/lib/libmecabra.dylib
0x000000000fa55000 	/System/Library/Frameworks/ApplicationServices.framework/Versions/A/Frameworks/ATS.framework/Versions/A/ATS
0x000000000fa55000 	/System/Library/Frameworks/ApplicationServices.framework/Versions/A/Frameworks/ColorSyncLegacy.framework/Versions/A/ColorSyncLegacy
0x000000000fa55000 	/System/Library/Frameworks/ApplicationServices.framework/Versions/A/Frameworks/HIServices.framework/Versions/A/HIServices
0x000000000fa55000 	/System/Library/Frameworks/ApplicationServices.framework/Versions/A/Frameworks/LangAnalysis.framework/Versions/A/LangAnalysis
0x000000000fa55000 	/System/Library/Frameworks/ApplicationServices.framework/Versions/A/Frameworks/PrintCore.framework/Versions/A/PrintCore
0x000000000fa55000 	/System/Library/Frameworks/ApplicationServices.framework/Versions/A/Frameworks/QD.framework/Versions/A/QD
0x000000000fa55000 	/System/Library/Frameworks/ApplicationServices.framework/Versions/A/Frameworks/SpeechSynthesis.framework/Versions/A/SpeechSynthesis
0x000000000fa55000 	/System/Library/Frameworks/CoreDisplay.framework/Versions/A/CoreDisplay
0x000000000fa55000 	/System/Library/Frameworks/Accelerate.framework/Versions/A/Frameworks/vImage.framework/Versions/A/vImage
0x000000000fa55000 	/System/Library/Frameworks/Accelerate.framework/Versions/A/Frameworks/vecLib.framework/Versions/A/vecLib
0x000000000fa55000 	/System/Library/Frameworks/Accelerate.framework/Versions/A/Frameworks/vecLib.framework/Versions/A/libvDSP.dylib
0x000000000fa55000 	/System/Library/Frameworks/Accelerate.framework/Versions/A/Frameworks/vecLib.framework/Versions/A/libBNNS.dylib
0x000000000fa55000 	/System/Library/Frameworks/Accelerate.framework/Versions/A/Frameworks/vecLib.framework/Versions/A/libQuadrature.dylib
0x000000000fa55000 	/System/Library/Frameworks/Accelerate.framework/Versions/A/Frameworks/vecLib.framework/Versions/A/libvMisc.dylib
0x000000000fa55000 	/System/Library/Frameworks/Accelerate.framework/Versions/A/Frameworks/vecLib.framework/Versions/A/libLAPACK.dylib
0x000000000fa55000 	/System/Library/Frameworks/Accelerate.framework/Versions/A/Frameworks/vecLib.framework/Versions/A/libBLAS.dylib
0x000000000fa55000 	/System/Library/Frameworks/Accelerate.framework/Versions/A/Frameworks/vecLib.framework/Versions/A/libLinearAlgebra.dylib
0x000000000fa55000 	/System/Library/Frameworks/Accelerate.framework/Versions/A/Frameworks/vecLib.framework/Versions/A/libSparse.dylib
0x000000000fa55000 	/System/Library/Frameworks/Accelerate.framework/Versions/A/Frameworks/vecLib.framework/Versions/A/libSparseBLAS.dylib
0x000000000fa55000 	/System/Library/PrivateFrameworks/GPUWrangler.framework/Versions/A/GPUWrangler
0x000000000fa55000 	/System/Library/PrivateFrameworks/IOAccelerator.framework/Versions/A/IOAccelerator
0x000000000fa55000 	/System/Library/PrivateFrameworks/IOPresentment.framework/Versions/A/IOPresentment
0x000000000fa55000 	/System/Library/PrivateFrameworks/DSExternalDisplay.framework/Versions/A/DSExternalDisplay
0x000000000fa55000 	/System/Library/Frameworks/OpenGL.framework/Versions/A/Libraries/libCoreFSCache.dylib
0x000000000fa55000 	/System/Library/Frameworks/CoreVideo.framework/Versions/A/CoreVideo
0x000000000fa55000 	/System/Library/PrivateFrameworks/GraphVisualizer.framework/Versions/A/GraphVisualizer
0x000000000fa55000 	/System/Library/Frameworks/MetalPerformanceShaders.framework/Versions/A/MetalPerformanceShaders
0x000000000fa55000 	/usr/lib/libFosl_dynamic.dylib
0x000000000fa55000 	/System/Library/PrivateFrameworks/FaceCore.framework/Versions/A/FaceCore
0x000000000fa55000 	/System/Library/Frameworks/OpenCL.framework/Versions/A/OpenCL
0x000000000fa55000 	/usr/lib/libcompression.dylib
0x000000000fa55000 	/System/Library/Frameworks/ApplicationServices.framework/Versions/A/Frameworks/ATS.framework/Versions/A/Resources/libFontParser.dylib
0x000000000fa55000 	/System/Library/Frameworks/ApplicationServices.framework/Versions/A/Frameworks/ATS.framework/Versions/A/Resources/libFontRegistry.dylib
0x000000000fa55000 	/System/Library/Frameworks/ImageIO.framework/Versions/A/Resources/libJPEG.dylib
0x000000000fa55000 	/System/Library/Frameworks/ImageIO.framework/Versions/A/Resources/libTIFF.dylib
0x000000000fa55000 	/System/Library/Frameworks/ImageIO.framework/Versions/A/Resources/libPng.dylib
0x000000000fa55000 	/System/Library/Frameworks/ImageIO.framework/Versions/A/Resources/libGIF.dylib
0x000000000fa55000 	/System/Library/Frameworks/ImageIO.framework/Versions/A/Resources/libJP2.dylib
0x000000000fa55000 	/System/Library/Frameworks/ImageIO.framework/Versions/A/Resources/libRadiance.dylib
0x000000000fa55000 	/System/Library/PrivateFrameworks/AppleJPEG.framework/Versions/A/AppleJPEG
0x000000000fa55000 	/System/Library/Frameworks/MetalPerformanceShaders.framework/Frameworks/MPSCore.framework/Versions/A/MPSCore
0x000000000fa55000 	/System/Library/Frameworks/MetalPerformanceShaders.framework/Frameworks/MPSImage.framework/Versions/A/MPSImage
0x000000000fa55000 	/System/Library/Frameworks/MetalPerformanceShaders.framework/Frameworks/MPSNeuralNetwork.framework/Versions/A/MPSNeuralNetwork
0x000000000fa55000 	/System/Library/Frameworks/MetalPerformanceShaders.framework/Frameworks/MPSMatrix.framework/Versions/A/MPSMatrix
0x000000000fa55000 	/System/Library/PrivateFrameworks/MetalTools.framework/Versions/A/MetalTools
0x000000000fa55000 	/System/Library/Frameworks/OpenGL.framework/Versions/A/Libraries/libGLU.dylib
0x000000000fa55000 	/System/Library/Frameworks/OpenGL.framework/Versions/A/Libraries/libGFXShared.dylib
0x000000000fa55000 	/System/Library/Frameworks/OpenGL.framework/Versions/A/Libraries/libGL.dylib
0x000000000fa55000 	/System/Library/Frameworks/OpenGL.framework/Versions/A/Libraries/libGLImage.dylib
0x000000000fa55000 	/System/Library/Frameworks/OpenGL.framework/Versions/A/Libraries/libCVMSPluginSupport.dylib
0x000000000fa55000 	/System/Library/Frameworks/OpenGL.framework/Versions/A/Libraries/libCoreVMClient.dylib
0x000000000fa55000 	/usr/lib/libcups.2.dylib
0x000000000fa55000 	/System/Library/Frameworks/Kerberos.framework/Versions/A/Kerberos
0x000000000fa55000 	/System/Library/Frameworks/GSS.framework/Versions/A/GSS
0x000000000fa55000 	/usr/lib/libresolv.9.dylib
0x000000000fa55000 	/usr/lib/libiconv.2.dylib
0x000000000fa55000 	/System/Library/PrivateFrameworks/Heimdal.framework/Versions/A/Heimdal
0x000000000fa55000 	/usr/lib/libheimdal-asn1.dylib
0x000000000fa55000 	/System/Library/Frameworks/OpenDirectory.framework/Versions/A/OpenDirectory
0x000000000fa55000 	/System/Library/PrivateFrameworks/CommonAuth.framework/Versions/A/CommonAuth
0x000000000fa55000 	/System/Library/Frameworks/OpenDirectory.framework/Versions/A/Frameworks/CFOpenDirectory.framework/Versions/A/CFOpenDirectory
0x000000000fa55000 	/System/Library/Frameworks/SecurityFoundation.framework/Versions/A/SecurityFoundation
0x000000000fa55000 	/System/Library/PrivateFrameworks/APFS.framework/Versions/A/APFS
0x000000000fa55000 	/usr/lib/libutil.dylib
0x000000000fa55000 	/System/Library/PrivateFrameworks/AppleSauce.framework/Versions/A/AppleSauce
0x000000000fa55000 	/System/Library/PrivateFrameworks/LinguisticData.framework/Versions/A/LinguisticData
0x000000000fa55000 	/usr/lib/libmarisa.dylib
0x000000000fa55000 	/System/Library/PrivateFrameworks/Lexicon.framework/Versions/A/Lexicon
0x000000000fa55000 	/usr/lib/libChineseTokenizer.dylib
0x000000000fa55000 	/usr/lib/libcmph.dylib
0x000000000fa55000 	/System/Library/PrivateFrameworks/LanguageModeling.framework/Versions/A/LanguageModeling
0x000000000fa55000 	/System/Library/PrivateFrameworks/CoreEmoji.framework/Versions/A/CoreEmoji
0x000000000fa55000 	/System/Library/Frameworks/ServiceManagement.framework/Versions/A/ServiceManagement
0x000000000fa55000 	/System/Library/PrivateFrameworks/BackgroundTaskManagement.framework/Versions/A/BackgroundTaskManagement
0x000000000fa55000 	/usr/lib/libxslt.1.dylib
0x000000000fa55000 	/System/Library/Frameworks/Carbon.framework/Versions/A/Frameworks/Ink.framework/Versions/A/Ink
0x000000000fa55000 	/System/Library/PrivateFrameworks/TextureIO.framework/Versions/A/TextureIO
0x000000000fa55000 	/usr/lib/libate.dylib
0x000000000fa55000 	/System/Library/PrivateFrameworks/CrashReporterSupport.framework/Versions/A/CrashReporterSupport
0x000000000fa55000 	/System/Library/PrivateFrameworks/Sharing.framework/Versions/A/Sharing
0x000000000fa55000 	/System/Library/PrivateFrameworks/IconServices.framework/Versions/A/IconServices
0x000000000fa55000 	/System/Library/PrivateFrameworks/AuthKit.framework/Versions/A/AuthKit
0x000000000fa55000 	/System/Library/PrivateFrameworks/Apple80211.framework/Versions/A/Apple80211
0x000000000fa55000 	/System/Library/PrivateFrameworks/CoreUtils.framework/Versions/A/CoreUtils
0x000000000fa55000 	/System/Library/Frameworks/CoreWLAN.framework/Versions/A/CoreWLAN
0x000000000fa55000 	/System/Library/Frameworks/IOBluetooth.framework/Versions/A/IOBluetooth
0x000000000fa55000 	/System/Library/PrivateFrameworks/ProtocolBuffer.framework/Versions/A/ProtocolBuffer
0x000000000fa55000 	/System/Library/PrivateFrameworks/MobileKeyBag.framework/Versions/A/MobileKeyBag
0x000000000fa55000 	/System/Library/PrivateFrameworks/CorePhoneNumbers.framework/Versions/A/CorePhoneNumbers
0x000000000fa55000 	/System/Library/PrivateFrameworks/AppleIDAuthSupport.framework/Versions/A/AppleIDAuthSupport
0x000000000fa55000 	/System/Library/PrivateFrameworks/KeychainCircle.framework/Versions/A/KeychainCircle
0x000000000fa55000 	/System/Library/PrivateFrameworks/CoreWiFi.framework/Versions/A/CoreWiFi
0x000000000fa55000 	/System/Library/Frameworks/CoreBluetooth.framework/Versions/A/CoreBluetooth
0x000000000fa55000 	/System/Library/PrivateFrameworks/DebugSymbols.framework/Versions/A/DebugSymbols
0x000000000fa55000 	/System/Library/PrivateFrameworks/CoreSymbolication.framework/Versions/A/CoreSymbolication
0x000000000fa55000 	/System/Library/PrivateFrameworks/Symbolication.framework/Versions/A/Symbolication
0x000000000fa55000 	/System/Library/PrivateFrameworks/AppleFSCompression.framework/Versions/A/AppleFSCompression
0x000000000fa55000 	/System/Library/PrivateFrameworks/SpeechRecognitionCore.framework/Versions/A/SpeechRecognitionCore
0x000000000fa55000 	/System/Library/CoreServices/Encodings/libSimplifiedChineseConverter.dylib
0x0000000110c00000 	/Applications/Android Studio.app/Contents/jre/jdk/Contents/Home/jre/lib/server/libjvm.dylib
0x000000000fa55000 	/usr/lib/libstdc++.6.0.9.dylib
0x000000010fa13000 	/Applications/Android Studio.app/Contents/jre/jdk/Contents/Home/jre/lib/libverify.dylib
0x000000010fa1f000 	/Applications/Android Studio.app/Contents/jre/jdk/Contents/Home/jre/lib/libjava.dylib
0x000000010fa9d000 	/Applications/Android Studio.app/Contents/jre/jdk/Contents/Home/jre/lib/libzip.dylib
0x0000000117fcc000 	/Applications/Android Studio.app/Contents/jre/jdk/Contents/Home/jre/lib/libnet.dylib
0x0000000117fe3000 	/Applications/Android Studio.app/Contents/jre/jdk/Contents/Home/jre/lib/libnio.dylib
0x0000000117ff3000 	/Users/tinker/.gradle/native/25/osx-amd64/libnative-platform.dylib
0x0000000118480000 	/Applications/Android Studio.app/Contents/jre/jdk/Contents/Home/jre/lib/libmanagement.dylib
0x000000011893e000 	/Applications/Android Studio.app/Contents/jre/jdk/Contents/Home/jre/lib/libsunec.dylib

VM Arguments:
jvm_args: -Xmx1536M -Dfile.encoding=UTF-8 -Duser.country=CN -Duser.language=zh -Duser.variant 
java_command: org.gradle.launcher.daemon.bootstrap.GradleDaemon 4.10.2
java_class_path (initial): /Users/tinker/.gradle/wrapper/dists/gradle-4.10.2-all/9fahxiiecdb76a5g3aw9oi8rv/gradle-4.10.2/lib/gradle-launcher-4.10.2.jar
Launcher Type: SUN_STANDARD

Environment Variables:
JAVA_HOME=
PATH=/Library/Frameworks/Python.framework/Versions/3.7/bin:/Users/tinker/.rvm/gems/ruby-2.6.3/bin:/Users/tinker/.rvm/gems/ruby-2.6.3@global/bin:/Users/tinker/.rvm/rubies/ruby-2.6.3/bin:/usr/local/bin:/usr/bin:/bin:/usr/sbin:/sbin:/Library/Flutter/bin:/Library/Flutter/.pub-cache/bin:/Users/tinker/.rvm/bin:/Users/tinker/Library/Android/sdk/tools:/Users/tinker/Library/Android/sdk/tools/bin:/Users/tinker/Library/Android/sdk/platform-tools:/Users/tinker/Library/Android/sdk/emulator
SHELL=/bin/bash

Signal Handlers:
SIGSEGV: [libjvm.dylib+0x570b99], sa_mask[0]=11111111011111110111111111111111, sa_flags=SA_ONSTACK|SA_RESTART|SA_SIGINFO
SIGBUS: [libjvm.dylib+0x570b99], sa_mask[0]=11111111011111110111111111111111, sa_flags=SA_RESTART|SA_SIGINFO
SIGFPE: [libjvm.dylib+0x461f81], sa_mask[0]=11111111011111110111111111111111, sa_flags=SA_RESTART|SA_SIGINFO
SIGPIPE: [libjvm.dylib+0x461f81], sa_mask[0]=11111111011111110111111111111111, sa_flags=SA_RESTART|SA_SIGINFO
SIGXFSZ: [libjvm.dylib+0x461f81], sa_mask[0]=11111111011111110111111111111111, sa_flags=SA_RESTART|SA_SIGINFO
SIGILL: [libjvm.dylib+0x461f81], sa_mask[0]=11111111011111110111111111111111, sa_flags=SA_RESTART|SA_SIGINFO
SIGUSR1: SIG_DFL, sa_mask[0]=00000000000000000000000000000000, sa_flags=none
SIGUSR2: [libjvm.dylib+0x462892], sa_mask[0]=00100000000000000000010000100000, sa_flags=SA_RESTART|SA_SIGINFO
SIGHUP: [libjvm.dylib+0x460a7b], sa_mask[0]=11111111011111110111111111111111, sa_flags=SA_RESTART|SA_SIGINFO
SIGINT: [libjvm.dylib+0x460a7b], sa_mask[0]=11111111011111110111111111111111, sa_flags=SA_RESTART|SA_SIGINFO
SIGTERM: [libjvm.dylib+0x460a7b], sa_mask[0]=11111111011111110111111111111111, sa_flags=SA_RESTART|SA_SIGINFO
SIGQUIT: [libjvm.dylib+0x460a7b], sa_mask[0]=11111111011111110111111111111111, sa_flags=SA_RESTART|SA_SIGINFO


---------------  S Y S T E M  ---------------

OS:Bsduname:Darwin 17.7.0 Darwin Kernel Version 17.7.0: Thu Jun 21 22:53:14 PDT 2018; root:xnu-4570.71.2~1/RELEASE_X86_64 x86_64
rlimit: STACK 8192k, CORE 0k, NPROC 1418, NOFILE 10240, AS infinity
load average:6.00 4.47 3.74

CPU:total 8 (initial active 8) (4 cores per cpu, 2 threads per core) family 6 model 42 stepping 7, cmov, cx8, fxsr, mmx, sse, sse2, sse3, ssse3, sse4.1, sse4.2, popcnt, avx, aes, clmul, ht, tsc, tscinvbit

Memory: 4k page, physical 16777216k(1325612k free)

/proc/meminfo:


vm_info: OpenJDK 64-Bit Server VM (25.152-b01) for bsd-amd64 JRE (1.8.0_152-release-1343-b01), built by "builder" with gcc 4.2.1 Compatible Apple LLVM 9.1.0 (clang-902.0.39.2)

time: Mon Jul 29 16:44:10 2019
elapsed time: 617 seconds (0d 0h 10m 17s)

